  [1m[35m (198.6ms)[0m  [1m[35mCREATE DATABASE "etsy_clone_development" ENCODING = 'unicode'[0m
  ↳ bin/rails:9
  [1m[35m (108.7ms)[0m  [1m[35mCREATE DATABASE "etsy_clone_test" ENCODING = 'unicode'[0m
  ↳ bin/rails:9
  [1m[35m (55.1ms)[0m  [1m[35mCREATE TABLE "schema_migrations" ("version" character varying NOT NULL PRIMARY KEY)[0m
  ↳ bin/rails:9
  [1m[35m (7.4ms)[0m  [1m[35mCREATE TABLE "ar_internal_metadata" ("key" character varying NOT NULL PRIMARY KEY, "value" character varying, "created_at" timestamp NOT NULL, "updated_at" timestamp NOT NULL)[0m
  ↳ bin/rails:9
  [1m[35m (1.6ms)[0m  [1m[34mSELECT pg_try_advisory_lock(1325853718375640475)[0m
  ↳ bin/rails:9
  [1m[35m (1.9ms)[0m  [1m[34mSELECT "schema_migrations"."version" FROM "schema_migrations" ORDER BY "schema_migrations"."version" ASC[0m
  ↳ bin/rails:9
Migrating to CreateUsers (20200229053458)
  [1m[35m (0.3ms)[0m  [1m[34mSELECT pg_advisory_unlock(1325853718375640475)[0m
  ↳ bin/rails:9
  [1m[35m (0.2ms)[0m  [1m[34mSELECT pg_try_advisory_lock(1325853718375640475)[0m
  ↳ bin/rails:9
  [1m[35m (1.0ms)[0m  [1m[34mSELECT "schema_migrations"."version" FROM "schema_migrations" ORDER BY "schema_migrations"."version" ASC[0m
  ↳ bin/rails:9
Migrating to CreateUsers (20200229053458)
  [1m[35m (4.4ms)[0m  [1m[35mBEGIN[0m
  ↳ bin/rails:9
  [1m[35m (11.5ms)[0m  [1m[35mCREATE TABLE "users" ("id" bigserial primary key, "username" character varying, "email" character varying, "password_digest" character varying, "session_token" character varying, "created_at" timestamp NOT NULL, "updated_at" timestamp NOT NULL)[0m
  ↳ db/migrate/20200229053458_create_users.rb:3
  [1m[36mActiveRecord::SchemaMigration Create (3.8ms)[0m  [1m[32mINSERT INTO "schema_migrations" ("version") VALUES ($1) RETURNING "version"[0m  [["version", "20200229053458"]]
  ↳ bin/rails:9
  [1m[35m (0.6ms)[0m  [1m[35mCOMMIT[0m
  ↳ bin/rails:9
  [1m[36mActiveRecord::InternalMetadata Load (6.3ms)[0m  [1m[34mSELECT  "ar_internal_metadata".* FROM "ar_internal_metadata" WHERE "ar_internal_metadata"."key" = $1 LIMIT $2[0m  [["key", "environment"], ["LIMIT", 1]]
  ↳ bin/rails:9
  [1m[35m (0.2ms)[0m  [1m[35mBEGIN[0m
  ↳ bin/rails:9
  [1m[36mActiveRecord::InternalMetadata Create (2.3ms)[0m  [1m[32mINSERT INTO "ar_internal_metadata" ("key", "value", "created_at", "updated_at") VALUES ($1, $2, $3, $4) RETURNING "key"[0m  [["key", "environment"], ["value", "development"], ["created_at", "2020-02-29 05:36:58.913524"], ["updated_at", "2020-02-29 05:36:58.913524"]]
  ↳ bin/rails:9
  [1m[35m (0.6ms)[0m  [1m[35mCOMMIT[0m
  ↳ bin/rails:9
  [1m[35m (0.4ms)[0m  [1m[34mSELECT pg_advisory_unlock(1325853718375640475)[0m
  ↳ bin/rails:9
  [1m[35m (0.8ms)[0m  [1m[34mSELECT "schema_migrations"."version" FROM "schema_migrations" ORDER BY "schema_migrations"."version" ASC[0m
  ↳ bin/rails:9
Started GET "/" for ::1 at 2020-02-28 21:56:58 -0800
  [1m[35m (0.9ms)[0m  [1m[34mSELECT "schema_migrations"."version" FROM "schema_migrations" ORDER BY "schema_migrations"."version" ASC[0m
  ↳ /Users/jamiebiscuit/.rbenv/versions/2.5.1/lib/ruby/gems/2.5.0/gems/activerecord-5.2.4.1/lib/active_record/log_subscriber.rb:98
Processing by StaticPagesController#root as HTML
  Rendering static_pages/root.html.erb within layouts/application
  Rendered static_pages/root.html.erb within layouts/application (4.9ms)
Completed 200 OK in 1760ms (Views: 1756.5ms | ActiveRecord: 0.0ms)


Started GET "/" for ::1 at 2020-02-29 17:12:56 -0800
  [1m[35m (4.7ms)[0m  [1m[34mSELECT "schema_migrations"."version" FROM "schema_migrations" ORDER BY "schema_migrations"."version" ASC[0m
  ↳ /Users/jamiebiscuit/.rbenv/versions/2.5.1/lib/ruby/gems/2.5.0/gems/activerecord-5.2.4.1/lib/active_record/log_subscriber.rb:98
Processing by StaticPagesController#root as HTML
  Rendering static_pages/root.html.erb within layouts/application
  Rendered static_pages/root.html.erb within layouts/application (1.5ms)
Completed 200 OK in 2169ms (Views: 2165.8ms | ActiveRecord: 0.0ms)


  [1m[35m (1.0ms)[0m  [1m[34mSELECT "schema_migrations"."version" FROM "schema_migrations" ORDER BY "schema_migrations"."version" ASC[0m
  ↳ /Users/jamiebiscuit/.rbenv/versions/2.5.1/bin/annotate:23
Started GET "/" for ::1 at 2020-02-29 17:58:59 -0800
Processing by StaticPagesController#root as HTML
  Rendering static_pages/root.html.erb within layouts/application
  Rendered static_pages/root.html.erb within layouts/application (0.6ms)
Completed 200 OK in 1795ms (Views: 1786.7ms | ActiveRecord: 0.0ms)


Started POST "/api/users" for ::1 at 2020-02-29 18:01:47 -0800
Processing by Api::UsersController#create as JSON
  Parameters: {"user"=>{"user"=>{"username"=>"winston", "password"=>"[FILTERED]"}}}
Completed 500 Internal Server Error in 4ms (ActiveRecord: 0.0ms)



SyntaxError - syntax error, unexpected tCHAR, expecting keyword_end
...    user && user.is_password??(passowrd) ? user : nil
...                             ^~:
  app/models/user.rb:27:in `'
  app/controllers/api/users_controller.rb:3:in `create'

Started GET "/" for ::1 at 2020-02-29 18:02:15 -0800
Processing by StaticPagesController#root as HTML
  Rendering static_pages/root.html.erb within layouts/application
  Rendered static_pages/root.html.erb within layouts/application (0.7ms)
Completed 200 OK in 335ms (Views: 324.6ms | ActiveRecord: 0.0ms)


Started POST "/api/users" for ::1 at 2020-02-29 18:02:19 -0800
Processing by Api::UsersController#create as JSON
  Parameters: {"user"=>{"user"=>{"username"=>"winston", "password"=>"[FILTERED]"}}}
Completed 500 Internal Server Error in 24ms (ActiveRecord: 0.0ms)



SyntaxError - syntax error, unexpected tCHAR, expecting keyword_end
...    user && user.is_password??(password) ? user : nil
...                             ^~:
  app/models/user.rb:27:in `'
  app/controllers/api/users_controller.rb:3:in `create'

Started GET "/" for ::1 at 2020-02-29 18:05:15 -0800
  [1m[35m (1.5ms)[0m  [1m[34mSELECT "schema_migrations"."version" FROM "schema_migrations" ORDER BY "schema_migrations"."version" ASC[0m
  ↳ /Users/jamiebiscuit/.rbenv/versions/2.5.1/lib/ruby/gems/2.5.0/gems/activerecord-5.2.4.1/lib/active_record/log_subscriber.rb:98
Processing by StaticPagesController#root as HTML
  Rendering static_pages/root.html.erb within layouts/application
  Rendered static_pages/root.html.erb within layouts/application (9.0ms)
Completed 200 OK in 5737ms (Views: 5733.0ms | ActiveRecord: 0.0ms)


Started POST "/api/users" for ::1 at 2020-02-29 18:05:28 -0800
Processing by Api::UsersController#create as JSON
  Parameters: {"user"=>{"user"=>{"username"=>"winston", "password"=>"[FILTERED]"}}}
Completed 500 Internal Server Error in 3ms (ActiveRecord: 0.0ms)



SyntaxError - syntax error, unexpected tCHAR, expecting keyword_end
...    user && user.is_password??(password) ? user : nil
...                             ^~:
  app/models/user.rb:27:in `'
  app/controllers/api/users_controller.rb:3:in `create'

Started GET "/" for ::1 at 2020-02-29 18:05:55 -0800
Processing by StaticPagesController#root as HTML
  Rendering static_pages/root.html.erb within layouts/application
  Rendered static_pages/root.html.erb within layouts/application (0.5ms)
Completed 200 OK in 88ms (Views: 81.7ms | ActiveRecord: 0.0ms)


Started POST "/api/users" for ::1 at 2020-02-29 18:06:15 -0800
Processing by Api::UsersController#create as JSON
  Parameters: {"user"=>{"user"=>{"username"=>"winston", "password"=>"[FILTERED]"}}}
Unpermitted parameter: :user
  [1m[35m (1.1ms)[0m  [1m[35mBEGIN[0m
  ↳ app/controllers/api/users_controller.rb:4
  [1m[36mUser Exists (3.5ms)[0m  [1m[34mSELECT  1 AS one FROM "users" WHERE "users"."username" IS NULL LIMIT $1[0m  [["LIMIT", 1]]
  ↳ app/controllers/api/users_controller.rb:4
  [1m[35m (0.8ms)[0m  [1m[31mROLLBACK[0m
  ↳ app/controllers/api/users_controller.rb:4
Completed 401 Unauthorized in 54ms (Views: 0.2ms | ActiveRecord: 18.2ms)


Started POST "/api/users" for ::1 at 2020-02-29 18:06:47 -0800
Processing by Api::UsersController#create as JSON
  Parameters: {"user"=>{"user"=>{"username"=>"winston", "password"=>"[FILTERED]"}}}
Unpermitted parameter: :user
  [1m[35m (0.2ms)[0m  [1m[35mBEGIN[0m
  ↳ app/controllers/api/users_controller.rb:4
  [1m[36mUser Exists (0.6ms)[0m  [1m[34mSELECT  1 AS one FROM "users" WHERE "users"."username" IS NULL LIMIT $1[0m  [["LIMIT", 1]]
  ↳ app/controllers/api/users_controller.rb:4
  [1m[35m (0.4ms)[0m  [1m[31mROLLBACK[0m
  ↳ app/controllers/api/users_controller.rb:4
Completed 401 Unauthorized in 7ms (Views: 0.2ms | ActiveRecord: 1.3ms)


Started GET "/" for ::1 at 2020-02-29 18:20:57 -0800
Processing by StaticPagesController#root as HTML
  Rendering static_pages/root.html.erb within layouts/application
  Rendered static_pages/root.html.erb within layouts/application (0.3ms)
Completed 200 OK in 198ms (Views: 194.3ms | ActiveRecord: 0.0ms)


Started POST "/api/users" for ::1 at 2020-02-29 18:21:00 -0800
Processing by Api::UsersController#create as JSON
  Parameters: {"user"=>{"user"=>{"username"=>"winston", "password"=>"[FILTERED]"}}}
Unpermitted parameter: :user
  [1m[35m (0.2ms)[0m  [1m[35mBEGIN[0m
  ↳ app/controllers/api/users_controller.rb:4
  [1m[36mUser Exists (0.9ms)[0m  [1m[34mSELECT  1 AS one FROM "users" WHERE "users"."username" IS NULL LIMIT $1[0m  [["LIMIT", 1]]
  ↳ app/controllers/api/users_controller.rb:4
  [1m[35m (0.2ms)[0m  [1m[31mROLLBACK[0m
  ↳ app/controllers/api/users_controller.rb:4
Completed 401 Unauthorized in 5ms (Views: 0.2ms | ActiveRecord: 1.4ms)


Started GET "/" for ::1 at 2020-02-29 18:21:21 -0800
Started GET "/" for ::1 at 2020-02-29 18:21:21 -0800
Processing by StaticPagesController#root as HTML
Processing by StaticPagesController#root as HTML
  Rendering static_pages/root.html.erb within layouts/application
  Rendered static_pages/root.html.erb within layouts/application (0.3ms)
  Rendering static_pages/root.html.erb within layouts/application
  Rendered static_pages/root.html.erb within layouts/application (0.2ms)
Completed 200 OK in 142ms (Views: 138.6ms | ActiveRecord: 0.0ms)


Completed 200 OK in 242ms (Views: 239.7ms | ActiveRecord: 0.0ms)


Started POST "/api/users" for ::1 at 2020-02-29 18:21:23 -0800
Processing by Api::UsersController#create as JSON
  Parameters: {"user"=>{"user"=>{"username"=>"winston", "password"=>"[FILTERED]"}}}
Unpermitted parameter: :user
  [1m[35m (0.4ms)[0m  [1m[35mBEGIN[0m
  ↳ app/controllers/api/users_controller.rb:4
  [1m[36mUser Exists (0.9ms)[0m  [1m[34mSELECT  1 AS one FROM "users" WHERE "users"."username" IS NULL LIMIT $1[0m  [["LIMIT", 1]]
  ↳ app/controllers/api/users_controller.rb:4
  [1m[35m (0.3ms)[0m  [1m[31mROLLBACK[0m
  ↳ app/controllers/api/users_controller.rb:4
Completed 401 Unauthorized in 3552ms (Views: 0.2ms | ActiveRecord: 1.6ms)


  [1m[36mUser Load (0.7ms)[0m  [1m[34mSELECT "users".* FROM "users"[0m
Started GET "/" for ::1 at 2020-02-29 18:22:31 -0800
Processing by StaticPagesController#root as HTML
  Rendering static_pages/root.html.erb within layouts/application
  Rendered static_pages/root.html.erb within layouts/application (0.5ms)
Completed 200 OK in 95ms (Views: 92.7ms | ActiveRecord: 0.0ms)


Started POST "/api/users" for ::1 at 2020-02-29 18:22:34 -0800
Processing by Api::UsersController#create as JSON
  Parameters: {"user"=>{"user"=>{"username"=>"winston", "password"=>"[FILTERED]"}}}
Unpermitted parameter: :user
  [1m[35m (0.3ms)[0m  [1m[35mBEGIN[0m
  ↳ app/controllers/api/users_controller.rb:4
  [1m[36mUser Exists (0.3ms)[0m  [1m[34mSELECT  1 AS one FROM "users" WHERE "users"."username" IS NULL LIMIT $1[0m  [["LIMIT", 1]]
  ↳ app/controllers/api/users_controller.rb:4
  [1m[35m (0.3ms)[0m  [1m[31mROLLBACK[0m
  ↳ app/controllers/api/users_controller.rb:4
Completed 401 Unauthorized in 33ms (Views: 0.2ms | ActiveRecord: 14.2ms)


Started POST "/api/users" for ::1 at 2020-02-29 18:23:03 -0800
Processing by Api::UsersController#create as JSON
  Parameters: {"user"=>{"user"=>{"username"=>"winston", "email"=>"hi", "password"=>"[FILTERED]"}}}
Unpermitted parameter: :user
  [1m[35m (0.1ms)[0m  [1m[35mBEGIN[0m
  ↳ app/controllers/api/users_controller.rb:4
  [1m[36mUser Exists (0.4ms)[0m  [1m[34mSELECT  1 AS one FROM "users" WHERE "users"."username" IS NULL LIMIT $1[0m  [["LIMIT", 1]]
  ↳ app/controllers/api/users_controller.rb:4
  [1m[35m (0.3ms)[0m  [1m[31mROLLBACK[0m
  ↳ app/controllers/api/users_controller.rb:4
Completed 401 Unauthorized in 6ms (Views: 0.2ms | ActiveRecord: 0.8ms)


Started GET "/" for ::1 at 2020-02-29 18:23:05 -0800
Processing by StaticPagesController#root as HTML
  Rendering static_pages/root.html.erb within layouts/application
  Rendered static_pages/root.html.erb within layouts/application (0.6ms)
Completed 200 OK in 79ms (Views: 71.2ms | ActiveRecord: 0.0ms)


Started POST "/api/users" for ::1 at 2020-02-29 18:23:07 -0800
Processing by Api::UsersController#create as JSON
  Parameters: {"user"=>{"user"=>{"username"=>"winston", "email"=>"hi", "password"=>"[FILTERED]"}}}
Unpermitted parameter: :user
  [1m[35m (0.2ms)[0m  [1m[35mBEGIN[0m
  ↳ app/controllers/api/users_controller.rb:4
  [1m[36mUser Exists (0.5ms)[0m  [1m[34mSELECT  1 AS one FROM "users" WHERE "users"."username" IS NULL LIMIT $1[0m  [["LIMIT", 1]]
  ↳ app/controllers/api/users_controller.rb:4
  [1m[35m (0.2ms)[0m  [1m[31mROLLBACK[0m
  ↳ app/controllers/api/users_controller.rb:4
Completed 401 Unauthorized in 6ms (Views: 0.3ms | ActiveRecord: 0.8ms)


Started POST "/api/users" for ::1 at 2020-02-29 18:23:36 -0800
Processing by Api::UsersController#create as JSON
  Parameters: {"user"=>{"user"=>{"username"=>"mindy", "email"=>"hi", "password"=>"[FILTERED]"}}}
Unpermitted parameter: :user
  [1m[35m (0.2ms)[0m  [1m[35mBEGIN[0m
  ↳ app/controllers/api/users_controller.rb:4
  [1m[36mUser Exists (0.5ms)[0m  [1m[34mSELECT  1 AS one FROM "users" WHERE "users"."username" IS NULL LIMIT $1[0m  [["LIMIT", 1]]
  ↳ app/controllers/api/users_controller.rb:4
  [1m[35m (0.2ms)[0m  [1m[31mROLLBACK[0m
  ↳ app/controllers/api/users_controller.rb:4
Completed 401 Unauthorized in 7ms (Views: 0.2ms | ActiveRecord: 0.9ms)


Started GET "/" for ::1 at 2020-02-29 18:34:47 -0800
Processing by StaticPagesController#root as HTML
  Rendering static_pages/root.html.erb within layouts/application
  Rendered static_pages/root.html.erb within layouts/application (0.5ms)
Completed 200 OK in 70ms (Views: 66.7ms | ActiveRecord: 0.0ms)


  [1m[36mUser Load (2.5ms)[0m  [1m[34mSELECT "users".* FROM "users"[0m
Started POST "/api/users" for ::1 at 2020-02-29 18:34:58 -0800
Processing by Api::UsersController#create as JSON
  Parameters: {"user"=>{"user"=>{"username"=>"mindy", "email"=>"hi", "password"=>"[FILTERED]"}}}
Unpermitted parameter: :user
  [1m[35m (0.2ms)[0m  [1m[35mBEGIN[0m
  ↳ app/controllers/api/users_controller.rb:4
  [1m[36mUser Exists (0.8ms)[0m  [1m[34mSELECT  1 AS one FROM "users" WHERE "users"."username" IS NULL LIMIT $1[0m  [["LIMIT", 1]]
  ↳ app/controllers/api/users_controller.rb:4
  [1m[35m (0.2ms)[0m  [1m[31mROLLBACK[0m
  ↳ app/controllers/api/users_controller.rb:4
Completed 401 Unauthorized in 6ms (Views: 0.2ms | ActiveRecord: 1.2ms)


Started POST "/api/users" for ::1 at 2020-02-29 18:35:19 -0800
Processing by Api::UsersController#create as JSON
  Parameters: {"user"=>{"user"=>{"username"=>"mindy", "email"=>"hi", "password"=>"[FILTERED]"}}}
Unpermitted parameter: :user
  [1m[35m (0.2ms)[0m  [1m[35mBEGIN[0m
  ↳ app/controllers/api/users_controller.rb:4
  [1m[36mUser Exists (0.6ms)[0m  [1m[34mSELECT  1 AS one FROM "users" WHERE "users"."username" IS NULL LIMIT $1[0m  [["LIMIT", 1]]
  ↳ app/controllers/api/users_controller.rb:4
  [1m[35m (0.4ms)[0m  [1m[31mROLLBACK[0m
  ↳ app/controllers/api/users_controller.rb:4
Completed 401 Unauthorized in 8ms (Views: 0.3ms | ActiveRecord: 1.2ms)


Started POST "/api/users" for ::1 at 2020-02-29 18:35:42 -0800
Processing by Api::UsersController#create as JSON
  Parameters: {"user"=>{"username"=>"mindy", "email"=>"hi", "password"=>"[FILTERED]"}}
  [1m[35m (0.4ms)[0m  [1m[35mBEGIN[0m
  ↳ app/controllers/api/users_controller.rb:4
  [1m[36mUser Exists (1.0ms)[0m  [1m[34mSELECT  1 AS one FROM "users" WHERE "users"."username" = $1 LIMIT $2[0m  [["username", "mindy"], ["LIMIT", 1]]
  ↳ app/controllers/api/users_controller.rb:4
  [1m[36mUser Create (16.0ms)[0m  [1m[32mINSERT INTO "users" ("username", "email", "password_digest", "session_token", "created_at", "updated_at") VALUES ($1, $2, $3, $4, $5, $6) RETURNING "id"[0m  [["username", "mindy"], ["email", "hi"], ["password_digest", "$2a$12$Yc/grIaQPmJCbVLt/FjuEORsEXf0vfulboXUS6UU1TxravmKuZX7q"], ["session_token", "Af9I_hOVrwxpQLLHfW07bA"], ["created_at", "2020-03-01 02:35:42.688062"], ["updated_at", "2020-03-01 02:35:42.688062"]]
  ↳ app/controllers/api/users_controller.rb:4
  [1m[35m (2.1ms)[0m  [1m[35mCOMMIT[0m
  ↳ app/controllers/api/users_controller.rb:4
  [1m[35m (0.1ms)[0m  [1m[35mBEGIN[0m
  ↳ app/models/user.rb:41
  [1m[36mUser Exists (0.8ms)[0m  [1m[34mSELECT  1 AS one FROM "users" WHERE "users"."username" = $1 AND "users"."id" != $2 LIMIT $3[0m  [["username", "mindy"], ["id", 1], ["LIMIT", 1]]
  ↳ app/models/user.rb:41
  [1m[36mUser Update (2.5ms)[0m  [1m[33mUPDATE "users" SET "session_token" = $1, "updated_at" = $2 WHERE "users"."id" = $3[0m  [["session_token", "61Q82jfZXideOLTMciDqNA"], ["updated_at", "2020-03-01 02:35:42.710808"], ["id", 1]]
  ↳ app/models/user.rb:41
  [1m[35m (0.4ms)[0m  [1m[35mCOMMIT[0m
  ↳ app/models/user.rb:41
  Rendering api/users/show.json.jbuilder
  Rendered api/users/_user.json.jbuilder (1.0ms)
  Rendered api/users/show.json.jbuilder (4.0ms)
Completed 200 OK in 427ms (Views: 17.2ms | ActiveRecord: 23.3ms)


  [1m[36mUser Load (2.0ms)[0m  [1m[34mSELECT "users".* FROM "users"[0m
Started POST "/api/session" for ::1 at 2020-02-29 18:36:05 -0800
Processing by Api::SessionsController#create as JSON
  Parameters: {"user"=>{"username"=>"mindy", "password"=>"[FILTERED]"}}
  [1m[36mUser Load (0.9ms)[0m  [1m[34mSELECT  "users".* FROM "users" WHERE "users"."username" = $1 LIMIT $2[0m  [["username", "mindy"], ["LIMIT", 1]]
  ↳ app/models/user.rb:24
  [1m[35m (0.2ms)[0m  [1m[35mBEGIN[0m
  ↳ app/models/user.rb:41
  [1m[36mUser Exists (0.3ms)[0m  [1m[34mSELECT  1 AS one FROM "users" WHERE "users"."username" = $1 AND "users"."id" != $2 LIMIT $3[0m  [["username", "mindy"], ["id", 1], ["LIMIT", 1]]
  ↳ app/models/user.rb:41
  [1m[36mUser Update (0.5ms)[0m  [1m[33mUPDATE "users" SET "session_token" = $1, "updated_at" = $2 WHERE "users"."id" = $3[0m  [["session_token", "b2OTsmGFEKfYF5cZkvkPOg"], ["updated_at", "2020-03-01 02:36:06.203199"], ["id", 1]]
  ↳ app/models/user.rb:41
  [1m[35m (1.7ms)[0m  [1m[35mCOMMIT[0m
  ↳ app/models/user.rb:41
  Rendering api/users/show.json.jbuilder
  Rendered api/users/_user.json.jbuilder (0.4ms)
  Rendered api/users/show.json.jbuilder (3.0ms)
Completed 200 OK in 307ms (Views: 13.9ms | ActiveRecord: 4.1ms)


Started DELETE "/api/session" for ::1 at 2020-02-29 18:36:23 -0800
Processing by Api::SessionsController#destroy as JSON
  [1m[36mUser Load (0.8ms)[0m  [1m[34mSELECT  "users".* FROM "users" WHERE "users"."session_token" = $1 LIMIT $2[0m  [["session_token", "b2OTsmGFEKfYF5cZkvkPOg"], ["LIMIT", 1]]
  ↳ app/controllers/application_controller.rb:8
  [1m[35m (0.2ms)[0m  [1m[35mBEGIN[0m
  ↳ app/models/user.rb:41
  [1m[36mUser Exists (0.5ms)[0m  [1m[34mSELECT  1 AS one FROM "users" WHERE "users"."username" = $1 AND "users"."id" != $2 LIMIT $3[0m  [["username", "mindy"], ["id", 1], ["LIMIT", 1]]
  ↳ app/models/user.rb:41
  [1m[36mUser Update (2.8ms)[0m  [1m[33mUPDATE "users" SET "session_token" = $1, "updated_at" = $2 WHERE "users"."id" = $3[0m  [["session_token", "khZyB6tMKBZF6Om1bRvwjA"], ["updated_at", "2020-03-01 02:36:23.732522"], ["id", 1]]
  ↳ app/models/user.rb:41
  [1m[35m (0.7ms)[0m  [1m[35mCOMMIT[0m
  ↳ app/models/user.rb:41
Completed 200 OK in 16ms (Views: 0.2ms | ActiveRecord: 4.9ms)


Started POST "/api/users" for ::1 at 2020-02-29 18:36:48 -0800
Processing by Api::UsersController#create as JSON
  Parameters: {"user"=>{"username"=>"winston", "password"=>"[FILTERED]"}}
  [1m[35m (0.4ms)[0m  [1m[35mBEGIN[0m
  ↳ app/controllers/api/users_controller.rb:4
  [1m[36mUser Exists (0.4ms)[0m  [1m[34mSELECT  1 AS one FROM "users" WHERE "users"."username" = $1 LIMIT $2[0m  [["username", "winston"], ["LIMIT", 1]]
  ↳ app/controllers/api/users_controller.rb:4
  [1m[36mUser Create (0.6ms)[0m  [1m[32mINSERT INTO "users" ("username", "password_digest", "session_token", "created_at", "updated_at") VALUES ($1, $2, $3, $4, $5) RETURNING "id"[0m  [["username", "winston"], ["password_digest", "$2a$12$Kly2Rwf/xSIJrnP0HhGpke9CQJogxf3QPXUyAMvJEN2l/dT.3r3Qe"], ["session_token", "h3zDSk31fr7S2n2L1tv4Ug"], ["created_at", "2020-03-01 02:36:48.736337"], ["updated_at", "2020-03-01 02:36:48.736337"]]
  ↳ app/controllers/api/users_controller.rb:4
  [1m[35m (1.0ms)[0m  [1m[35mCOMMIT[0m
  ↳ app/controllers/api/users_controller.rb:4
  [1m[35m (0.2ms)[0m  [1m[35mBEGIN[0m
  ↳ app/models/user.rb:41
  [1m[36mUser Exists (0.4ms)[0m  [1m[34mSELECT  1 AS one FROM "users" WHERE "users"."username" = $1 AND "users"."id" != $2 LIMIT $3[0m  [["username", "winston"], ["id", 2], ["LIMIT", 1]]
  ↳ app/models/user.rb:41
  [1m[36mUser Update (0.4ms)[0m  [1m[33mUPDATE "users" SET "session_token" = $1, "updated_at" = $2 WHERE "users"."id" = $3[0m  [["session_token", "gOBSitDueW9RncWPoObFew"], ["updated_at", "2020-03-01 02:36:48.742366"], ["id", 2]]
  ↳ app/models/user.rb:41
  [1m[35m (0.4ms)[0m  [1m[35mCOMMIT[0m
  ↳ app/models/user.rb:41
  Rendering api/users/show.json.jbuilder
  Rendered api/users/_user.json.jbuilder (0.4ms)
  Rendered api/users/show.json.jbuilder (2.8ms)
Completed 200 OK in 412ms (Views: 19.6ms | ActiveRecord: 3.7ms)


  [1m[36mUser Load (0.5ms)[0m  [1m[34mSELECT "users".* FROM "users"[0m
